[0.609s] Invoking command in '/home/natnael/autonomous_ws/src/simple_autonomous': PYTHONPATH=/home/natnael/autonomous_ws/build/simple_autonomous/prefix_override:/usr/lib/python3/dist-packages/colcon_core/task/python/colcon_distutils_commands:/home/natnael/autonomous_ws/install/simple_autonomous/lib/python3.10/site-packages:${PYTHONPATH} /usr/bin/python3 -W ignore:setup.py install is deprecated -W ignore:easy_install command is deprecated setup.py egg_info --egg-base ../../build/simple_autonomous build --build-base /home/natnael/autonomous_ws/build/simple_autonomous/build install --record /home/natnael/autonomous_ws/build/simple_autonomous/install.log --single-version-externally-managed install_data
[0.827s] running egg_info
[0.827s] writing ../../build/simple_autonomous/simple_autonomous.egg-info/PKG-INFO
[0.827s] writing dependency_links to ../../build/simple_autonomous/simple_autonomous.egg-info/dependency_links.txt
[0.827s] writing entry points to ../../build/simple_autonomous/simple_autonomous.egg-info/entry_points.txt
[0.828s] writing requirements to ../../build/simple_autonomous/simple_autonomous.egg-info/requires.txt
[0.828s] writing top-level names to ../../build/simple_autonomous/simple_autonomous.egg-info/top_level.txt
[0.830s] reading manifest file '../../build/simple_autonomous/simple_autonomous.egg-info/SOURCES.txt'
[0.830s] writing manifest file '../../build/simple_autonomous/simple_autonomous.egg-info/SOURCES.txt'
[0.831s] running build
[0.831s] running build_py
[0.831s] copying simple_autonomous/send_waypoints.py -> /home/natnael/autonomous_ws/build/simple_autonomous/build/lib/simple_autonomous
[0.831s] running install
[0.831s] running install_lib
[0.832s] copying /home/natnael/autonomous_ws/build/simple_autonomous/build/lib/simple_autonomous/send_waypoints.py -> /home/natnael/autonomous_ws/install/simple_autonomous/lib/python3.10/site-packages/simple_autonomous
[0.832s] byte-compiling /home/natnael/autonomous_ws/install/simple_autonomous/lib/python3.10/site-packages/simple_autonomous/send_waypoints.py to send_waypoints.cpython-310.pyc
[0.833s] running install_data
[0.833s] running install_egg_info
[0.835s] removing '/home/natnael/autonomous_ws/install/simple_autonomous/lib/python3.10/site-packages/simple_autonomous-0.0.0-py3.10.egg-info' (and everything under it)
[0.835s] Copying ../../build/simple_autonomous/simple_autonomous.egg-info to /home/natnael/autonomous_ws/install/simple_autonomous/lib/python3.10/site-packages/simple_autonomous-0.0.0-py3.10.egg-info
[0.836s] running install_scripts
[0.853s] Installing obstacle_avoid script to /home/natnael/autonomous_ws/install/simple_autonomous/lib/simple_autonomous
[0.853s] Installing obstacle_stop script to /home/natnael/autonomous_ws/install/simple_autonomous/lib/simple_autonomous
[0.853s] Installing waypoint_nav script to /home/natnael/autonomous_ws/install/simple_autonomous/lib/simple_autonomous
[0.853s] writing list of installed files to '/home/natnael/autonomous_ws/build/simple_autonomous/install.log'
[0.880s] Invoked command in '/home/natnael/autonomous_ws/src/simple_autonomous' returned '0': PYTHONPATH=/home/natnael/autonomous_ws/build/simple_autonomous/prefix_override:/usr/lib/python3/dist-packages/colcon_core/task/python/colcon_distutils_commands:/home/natnael/autonomous_ws/install/simple_autonomous/lib/python3.10/site-packages:${PYTHONPATH} /usr/bin/python3 -W ignore:setup.py install is deprecated -W ignore:easy_install command is deprecated setup.py egg_info --egg-base ../../build/simple_autonomous build --build-base /home/natnael/autonomous_ws/build/simple_autonomous/build install --record /home/natnael/autonomous_ws/build/simple_autonomous/install.log --single-version-externally-managed install_data
