[0.878s] Invoking command in '/home/natnael/autonomous_ws/src/simple_autonomous': PYTHONPATH=/home/natnael/autonomous_ws/build/simple_autonomous/prefix_override:/usr/lib/python3/dist-packages/colcon_core/task/python/colcon_distutils_commands:/home/natnael/autonomous_ws/install/simple_autonomous/lib/python3.10/site-packages:${PYTHONPATH} /usr/bin/python3 -W ignore:setup.py install is deprecated -W ignore:easy_install command is deprecated setup.py egg_info --egg-base ../../build/simple_autonomous build --build-base /home/natnael/autonomous_ws/build/simple_autonomous/build install --record /home/natnael/autonomous_ws/build/simple_autonomous/install.log --single-version-externally-managed install_data
[1.091s] running egg_info
[1.092s] writing ../../build/simple_autonomous/simple_autonomous.egg-info/PKG-INFO
[1.092s] writing dependency_links to ../../build/simple_autonomous/simple_autonomous.egg-info/dependency_links.txt
[1.092s] writing entry points to ../../build/simple_autonomous/simple_autonomous.egg-info/entry_points.txt
[1.093s] writing requirements to ../../build/simple_autonomous/simple_autonomous.egg-info/requires.txt
[1.093s] writing top-level names to ../../build/simple_autonomous/simple_autonomous.egg-info/top_level.txt
[1.094s] reading manifest file '../../build/simple_autonomous/simple_autonomous.egg-info/SOURCES.txt'
[1.095s] writing manifest file '../../build/simple_autonomous/simple_autonomous.egg-info/SOURCES.txt'
[1.095s] running build
[1.095s] running build_py
[1.096s] copying simple_autonomous/NavigateToPose.py -> /home/natnael/autonomous_ws/build/simple_autonomous/build/lib/simple_autonomous
[1.096s] running install
[1.096s] running install_lib
[1.097s] copying /home/natnael/autonomous_ws/build/simple_autonomous/build/lib/simple_autonomous/NavigateToPose.py -> /home/natnael/autonomous_ws/install/simple_autonomous/lib/python3.10/site-packages/simple_autonomous
[1.098s] byte-compiling /home/natnael/autonomous_ws/install/simple_autonomous/lib/python3.10/site-packages/simple_autonomous/NavigateToPose.py to NavigateToPose.cpython-310.pyc
[1.098s] running install_data
[1.098s] running install_egg_info
[1.100s] removing '/home/natnael/autonomous_ws/install/simple_autonomous/lib/python3.10/site-packages/simple_autonomous-0.0.0-py3.10.egg-info' (and everything under it)
[1.100s] Copying ../../build/simple_autonomous/simple_autonomous.egg-info to /home/natnael/autonomous_ws/install/simple_autonomous/lib/python3.10/site-packages/simple_autonomous-0.0.0-py3.10.egg-info
[1.101s] running install_scripts
[1.118s] Installing obstacle_avoid script to /home/natnael/autonomous_ws/install/simple_autonomous/lib/simple_autonomous
[1.118s] Installing obstacle_stop script to /home/natnael/autonomous_ws/install/simple_autonomous/lib/simple_autonomous
[1.118s] Installing waypoint_nav script to /home/natnael/autonomous_ws/install/simple_autonomous/lib/simple_autonomous
[1.118s] writing list of installed files to '/home/natnael/autonomous_ws/build/simple_autonomous/install.log'
[1.159s] Invoked command in '/home/natnael/autonomous_ws/src/simple_autonomous' returned '0': PYTHONPATH=/home/natnael/autonomous_ws/build/simple_autonomous/prefix_override:/usr/lib/python3/dist-packages/colcon_core/task/python/colcon_distutils_commands:/home/natnael/autonomous_ws/install/simple_autonomous/lib/python3.10/site-packages:${PYTHONPATH} /usr/bin/python3 -W ignore:setup.py install is deprecated -W ignore:easy_install command is deprecated setup.py egg_info --egg-base ../../build/simple_autonomous build --build-base /home/natnael/autonomous_ws/build/simple_autonomous/build install --record /home/natnael/autonomous_ws/build/simple_autonomous/install.log --single-version-externally-managed install_data
