[0.890s] Invoking command in '/home/natnael/autonomous_ws/src/Autonomous-Explorer-and-Mapper-ros2-nav2': PYTHONPATH=/home/natnael/autonomous_ws/build/custom_explorer/prefix_override:/usr/lib/python3/dist-packages/colcon_core/task/python/colcon_distutils_commands:/home/natnael/autonomous_ws/install/custom_explorer/lib/python3.10/site-packages:${PYTHONPATH} /usr/bin/python3 -W ignore:setup.py install is deprecated -W ignore:easy_install command is deprecated setup.py egg_info --egg-base ../../build/custom_explorer build --build-base /home/natnael/autonomous_ws/build/custom_explorer/build install --record /home/natnael/autonomous_ws/build/custom_explorer/install.log --single-version-externally-managed install_data
[1.101s] running egg_info
[1.101s] writing ../../build/custom_explorer/custom_explorer.egg-info/PKG-INFO
[1.102s] writing dependency_links to ../../build/custom_explorer/custom_explorer.egg-info/dependency_links.txt
[1.103s] writing entry points to ../../build/custom_explorer/custom_explorer.egg-info/entry_points.txt
[1.103s] writing requirements to ../../build/custom_explorer/custom_explorer.egg-info/requires.txt
[1.103s] writing top-level names to ../../build/custom_explorer/custom_explorer.egg-info/top_level.txt
[1.104s] reading manifest file '../../build/custom_explorer/custom_explorer.egg-info/SOURCES.txt'
[1.105s] writing manifest file '../../build/custom_explorer/custom_explorer.egg-info/SOURCES.txt'
[1.105s] running build
[1.105s] running build_py
[1.105s] running install
[1.106s] running install_lib
[1.106s] running install_data
[1.107s] running install_egg_info
[1.108s] removing '/home/natnael/autonomous_ws/install/custom_explorer/lib/python3.10/site-packages/custom_explorer-0.0.0-py3.10.egg-info' (and everything under it)
[1.109s] Copying ../../build/custom_explorer/custom_explorer.egg-info to /home/natnael/autonomous_ws/install/custom_explorer/lib/python3.10/site-packages/custom_explorer-0.0.0-py3.10.egg-info
[1.109s] running install_scripts
[1.126s] Installing explorer script to /home/natnael/autonomous_ws/install/custom_explorer/lib/custom_explorer
[1.126s] writing list of installed files to '/home/natnael/autonomous_ws/build/custom_explorer/install.log'
[1.156s] Invoked command in '/home/natnael/autonomous_ws/src/Autonomous-Explorer-and-Mapper-ros2-nav2' returned '0': PYTHONPATH=/home/natnael/autonomous_ws/build/custom_explorer/prefix_override:/usr/lib/python3/dist-packages/colcon_core/task/python/colcon_distutils_commands:/home/natnael/autonomous_ws/install/custom_explorer/lib/python3.10/site-packages:${PYTHONPATH} /usr/bin/python3 -W ignore:setup.py install is deprecated -W ignore:easy_install command is deprecated setup.py egg_info --egg-base ../../build/custom_explorer build --build-base /home/natnael/autonomous_ws/build/custom_explorer/build install --record /home/natnael/autonomous_ws/build/custom_explorer/install.log --single-version-externally-managed install_data
