[0.834s] Invoking command in '/home/natnael/autonomous_ws/src/Autonomous-Explorer-and-Mapper-ros2-nav2': PYTHONPATH=/home/natnael/autonomous_ws/build/custom_explorer/prefix_override:/usr/lib/python3/dist-packages/colcon_core/task/python/colcon_distutils_commands:/home/natnael/autonomous_ws/install/custom_explorer/lib/python3.10/site-packages:${PYTHONPATH} /usr/bin/python3 -W ignore:setup.py install is deprecated -W ignore:easy_install command is deprecated setup.py egg_info --egg-base ../../build/custom_explorer build --build-base /home/natnael/autonomous_ws/build/custom_explorer/build install --record /home/natnael/autonomous_ws/build/custom_explorer/install.log --single-version-externally-managed install_data
[1.046s] running egg_info
[1.046s] creating ../../build/custom_explorer/custom_explorer.egg-info
[1.046s] writing ../../build/custom_explorer/custom_explorer.egg-info/PKG-INFO
[1.047s] writing dependency_links to ../../build/custom_explorer/custom_explorer.egg-info/dependency_links.txt
[1.047s] writing entry points to ../../build/custom_explorer/custom_explorer.egg-info/entry_points.txt
[1.047s] writing requirements to ../../build/custom_explorer/custom_explorer.egg-info/requires.txt
[1.047s] writing top-level names to ../../build/custom_explorer/custom_explorer.egg-info/top_level.txt
[1.047s] writing manifest file '../../build/custom_explorer/custom_explorer.egg-info/SOURCES.txt'
[1.048s] reading manifest file '../../build/custom_explorer/custom_explorer.egg-info/SOURCES.txt'
[1.049s] writing manifest file '../../build/custom_explorer/custom_explorer.egg-info/SOURCES.txt'
[1.049s] running build
[1.049s] running build_py
[1.049s] creating /home/natnael/autonomous_ws/build/custom_explorer/build
[1.049s] creating /home/natnael/autonomous_ws/build/custom_explorer/build/lib
[1.049s] creating /home/natnael/autonomous_ws/build/custom_explorer/build/lib/custom_explorer
[1.049s] copying custom_explorer/explorer.py -> /home/natnael/autonomous_ws/build/custom_explorer/build/lib/custom_explorer
[1.049s] copying custom_explorer/__init__.py -> /home/natnael/autonomous_ws/build/custom_explorer/build/lib/custom_explorer
[1.050s] running install
[1.050s] running install_lib
[1.051s] creating /home/natnael/autonomous_ws/install/custom_explorer/lib/python3.10/site-packages/custom_explorer
[1.051s] copying /home/natnael/autonomous_ws/build/custom_explorer/build/lib/custom_explorer/explorer.py -> /home/natnael/autonomous_ws/install/custom_explorer/lib/python3.10/site-packages/custom_explorer
[1.051s] copying /home/natnael/autonomous_ws/build/custom_explorer/build/lib/custom_explorer/__init__.py -> /home/natnael/autonomous_ws/install/custom_explorer/lib/python3.10/site-packages/custom_explorer
[1.051s] byte-compiling /home/natnael/autonomous_ws/install/custom_explorer/lib/python3.10/site-packages/custom_explorer/explorer.py to explorer.cpython-310.pyc
[1.052s] byte-compiling /home/natnael/autonomous_ws/install/custom_explorer/lib/python3.10/site-packages/custom_explorer/__init__.py to __init__.cpython-310.pyc
[1.052s] running install_data
[1.052s] creating /home/natnael/autonomous_ws/install/custom_explorer/share/ament_index
[1.053s] creating /home/natnael/autonomous_ws/install/custom_explorer/share/ament_index/resource_index
[1.053s] creating /home/natnael/autonomous_ws/install/custom_explorer/share/ament_index/resource_index/packages
[1.053s] copying resource/custom_explorer -> /home/natnael/autonomous_ws/install/custom_explorer/share/ament_index/resource_index/packages
[1.053s] copying package.xml -> /home/natnael/autonomous_ws/install/custom_explorer/share/custom_explorer
[1.053s] running install_egg_info
[1.054s] Copying ../../build/custom_explorer/custom_explorer.egg-info to /home/natnael/autonomous_ws/install/custom_explorer/lib/python3.10/site-packages/custom_explorer-0.0.0-py3.10.egg-info
[1.055s] running install_scripts
[1.072s] Installing explorer script to /home/natnael/autonomous_ws/install/custom_explorer/lib/custom_explorer
[1.072s] writing list of installed files to '/home/natnael/autonomous_ws/build/custom_explorer/install.log'
[1.100s] Invoked command in '/home/natnael/autonomous_ws/src/Autonomous-Explorer-and-Mapper-ros2-nav2' returned '0': PYTHONPATH=/home/natnael/autonomous_ws/build/custom_explorer/prefix_override:/usr/lib/python3/dist-packages/colcon_core/task/python/colcon_distutils_commands:/home/natnael/autonomous_ws/install/custom_explorer/lib/python3.10/site-packages:${PYTHONPATH} /usr/bin/python3 -W ignore:setup.py install is deprecated -W ignore:easy_install command is deprecated setup.py egg_info --egg-base ../../build/custom_explorer build --build-base /home/natnael/autonomous_ws/build/custom_explorer/build install --record /home/natnael/autonomous_ws/build/custom_explorer/install.log --single-version-externally-managed install_data
