[0.651s] Invoking command in '/home/natnael/autonomous_ws/src/simple_autonomous': PYTHONPATH=/home/natnael/autonomous_ws/build/simple_autonomous/prefix_override:/usr/lib/python3/dist-packages/colcon_core/task/python/colcon_distutils_commands:/home/natnael/autonomous_ws/install/simple_autonomous/lib/python3.10/site-packages:${PYTHONPATH} /usr/bin/python3 -W ignore:setup.py install is deprecated -W ignore:easy_install command is deprecated setup.py egg_info --egg-base ../../build/simple_autonomous build --build-base /home/natnael/autonomous_ws/build/simple_autonomous/build install --record /home/natnael/autonomous_ws/build/simple_autonomous/install.log --single-version-externally-managed install_data
[0.872s] running egg_info
[0.873s] creating ../../build/simple_autonomous/simple_autonomous.egg-info
[0.873s] writing ../../build/simple_autonomous/simple_autonomous.egg-info/PKG-INFO
[0.873s] writing dependency_links to ../../build/simple_autonomous/simple_autonomous.egg-info/dependency_links.txt
[0.873s] writing entry points to ../../build/simple_autonomous/simple_autonomous.egg-info/entry_points.txt
[0.873s] writing requirements to ../../build/simple_autonomous/simple_autonomous.egg-info/requires.txt
[0.874s] writing top-level names to ../../build/simple_autonomous/simple_autonomous.egg-info/top_level.txt
[0.874s] writing manifest file '../../build/simple_autonomous/simple_autonomous.egg-info/SOURCES.txt'
[0.874s] reading manifest file '../../build/simple_autonomous/simple_autonomous.egg-info/SOURCES.txt'
[0.875s] writing manifest file '../../build/simple_autonomous/simple_autonomous.egg-info/SOURCES.txt'
[0.875s] running build
[0.875s] running build_py
[0.875s] creating /home/natnael/autonomous_ws/build/simple_autonomous/build
[0.876s] creating /home/natnael/autonomous_ws/build/simple_autonomous/build/lib
[0.876s] creating /home/natnael/autonomous_ws/build/simple_autonomous/build/lib/simple_autonomous
[0.876s] copying simple_autonomous/obstacle_stop.py -> /home/natnael/autonomous_ws/build/simple_autonomous/build/lib/simple_autonomous
[0.876s] copying simple_autonomous/__init__.py -> /home/natnael/autonomous_ws/build/simple_autonomous/build/lib/simple_autonomous
[0.876s] running install
[0.876s] running install_lib
[0.877s] creating /home/natnael/autonomous_ws/install/simple_autonomous/lib/python3.10/site-packages/simple_autonomous
[0.877s] copying /home/natnael/autonomous_ws/build/simple_autonomous/build/lib/simple_autonomous/obstacle_stop.py -> /home/natnael/autonomous_ws/install/simple_autonomous/lib/python3.10/site-packages/simple_autonomous
[0.877s] copying /home/natnael/autonomous_ws/build/simple_autonomous/build/lib/simple_autonomous/__init__.py -> /home/natnael/autonomous_ws/install/simple_autonomous/lib/python3.10/site-packages/simple_autonomous
[0.877s] byte-compiling /home/natnael/autonomous_ws/install/simple_autonomous/lib/python3.10/site-packages/simple_autonomous/obstacle_stop.py to obstacle_stop.cpython-310.pyc
[0.878s] byte-compiling /home/natnael/autonomous_ws/install/simple_autonomous/lib/python3.10/site-packages/simple_autonomous/__init__.py to __init__.cpython-310.pyc
[0.878s] running install_data
[0.878s] creating /home/natnael/autonomous_ws/install/simple_autonomous/share/ament_index
[0.878s] creating /home/natnael/autonomous_ws/install/simple_autonomous/share/ament_index/resource_index
[0.878s] creating /home/natnael/autonomous_ws/install/simple_autonomous/share/ament_index/resource_index/packages
[0.878s] copying resource/simple_autonomous -> /home/natnael/autonomous_ws/install/simple_autonomous/share/ament_index/resource_index/packages
[0.878s] copying package.xml -> /home/natnael/autonomous_ws/install/simple_autonomous/share/simple_autonomous
[0.878s] running install_egg_info
[0.880s] Copying ../../build/simple_autonomous/simple_autonomous.egg-info to /home/natnael/autonomous_ws/install/simple_autonomous/lib/python3.10/site-packages/simple_autonomous-0.0.0-py3.10.egg-info
[0.881s] running install_scripts
[0.900s] Installing obstacle_stop script to /home/natnael/autonomous_ws/install/simple_autonomous/lib/simple_autonomous
[0.901s] writing list of installed files to '/home/natnael/autonomous_ws/build/simple_autonomous/install.log'
[0.930s] Invoked command in '/home/natnael/autonomous_ws/src/simple_autonomous' returned '0': PYTHONPATH=/home/natnael/autonomous_ws/build/simple_autonomous/prefix_override:/usr/lib/python3/dist-packages/colcon_core/task/python/colcon_distutils_commands:/home/natnael/autonomous_ws/install/simple_autonomous/lib/python3.10/site-packages:${PYTHONPATH} /usr/bin/python3 -W ignore:setup.py install is deprecated -W ignore:easy_install command is deprecated setup.py egg_info --egg-base ../../build/simple_autonomous build --build-base /home/natnael/autonomous_ws/build/simple_autonomous/build install --record /home/natnael/autonomous_ws/build/simple_autonomous/install.log --single-version-externally-managed install_data
